<?xml version="1.0" encoding="UTF-8"?>
<testsuites>
  <testsuite name="verify that user is able to add logo from computer" timestamp="2022-09-27T15:37:29" time="105.175" tests="2" failures="1" errors="1" skipped="0">
    <properties>
      <property name="specId" value="0"/>
      <property name="suiteName" value="verify that user is able to add logo from computer"/>
      <property name="capabilities" value="chrome.105_0_5195_127.windows"/>
      <property name="file" value=".\test\TestCase\AddLogo.js"/>
    </properties>
    <testcase classname="chrome.105_0_5195_127.windows.verify_that_user_is_able_to_add_logo_from_computer" name="Verfiy that when the user add logo below 2 mb its should be accepted" time="29.375">
      <failure/>
      <error message="element (&quot;//span[contains(@class,'add-l')]&quot;) still not clickable after 10000ms"/>
      <system-out><![CDATA[
COMMAND: POST /session/594b61af6bdc06c985887bd92b9ecef4/element - {"using":"xpath","value":"//a[@title='Plans & Pricing']"}
RESULT: {"using":"xpath","value":"//a[@title='Plans & Pricing']"}
COMMAND: POST /session/594b61af6bdc06c985887bd92b9ecef4/element - {"using":"xpath","value":"//a[@title='Plans & Pricing']"}
RESULT: {"using":"xpath","value":"//a[@title='Plans & Pricing']"}
COMMAND: POST /session/594b61af6bdc06c985887bd92b9ecef4/element - {"using":"xpath","value":"//a[@title='Plans & Pricing']"}
RESULT: {"using":"xpath","value":"//a[@title='Plans & Pricing']"}
COMMAND: POST /session/594b61af6bdc06c985887bd92b9ecef4/element - {"using":"xpath","value":"//a[@title='Plans & Pricing']"}
RESULT: {"using":"xpath","value":"//a[@title='Plans & Pricing']"}
COMMAND: POST /session/594b61af6bdc06c985887bd92b9ecef4/element - {"using":"xpath","value":"//a[@title='Plans & Pricing']"}
RESULT: {"using":"xpath","value":"//a[@title='Plans & Pricing']"}
COMMAND: POST /session/594b61af6bdc06c985887bd92b9ecef4/element - {"using":"xpath","value":"//a[@title='Plans & Pricing']"}
RESULT: {"using":"xpath","value":"//a[@title='Plans & Pricing']"}
COMMAND: POST /session/594b61af6bdc06c985887bd92b9ecef4/element - {"using":"xpath","value":"//a[@title='Plans & Pricing']"}
RESULT: {"using":"xpath","value":"//a[@title='Plans & Pricing']"}
COMMAND: POST /session/594b61af6bdc06c985887bd92b9ecef4/element - {"using":"xpath","value":"//a[@title='Plans & Pricing']"}
RESULT: {"using":"xpath","value":"//a[@title='Plans & Pricing']"}
COMMAND: POST /session/594b61af6bdc06c985887bd92b9ecef4/element - {"using":"xpath","value":"//a[@title='Plans & Pricing']"}
RESULT: {"using":"xpath","value":"//a[@title='Plans & Pricing']"}
COMMAND: POST /session/594b61af6bdc06c985887bd92b9ecef4/element - {"using":"xpath","value":"//a[@title='Plans & Pricing']"}
RESULT: {"using":"xpath","value":"//a[@title='Plans & Pricing']"}
COMMAND: POST /session/594b61af6bdc06c985887bd92b9ecef4/element - {"using":"xpath","value":"//a[@title='Plans & Pricing']"}
RESULT: {"using":"xpath","value":"//a[@title='Plans & Pricing']"}
COMMAND: POST /session/594b61af6bdc06c985887bd92b9ecef4/element - {"using":"xpath","value":"//a[@title='Plans & Pricing']"}
RESULT: {"using":"xpath","value":"//a[@title='Plans & Pricing']"}
COMMAND: POST /session/594b61af6bdc06c985887bd92b9ecef4/element - {"using":"xpath","value":"//a[@title='Plans & Pricing']"}
RESULT: {"using":"xpath","value":"//a[@title='Plans & Pricing']"}
COMMAND: POST /session/594b61af6bdc06c985887bd92b9ecef4/execute/sync - {"script":"return (function isElementDisplayed(element) {\n    function nodeIsElement(node) {\n        if (!node) {\n            return false;\n        }\n        switch (node.nodeType) {\n            case Node.ELEMEN ... (7762 more bytes)","args":[{"element-6066-11e4-a52e-4f735466cecf":"dd1ccdcd-c5f4-4549-98f3-e2f294731c01","ELEMENT":"dd1ccdcd-c5f4-4549-98f3-e2f294731c01"}]}
RESULT: {"script":"return (function isElementDisplayed(element) {\n    function nodeIsElement(node) {\n        if (!node) {\n            return false;\n        }\n        switch (node.nodeType) {\n            case Node.ELEMEN ... (7762 more bytes)","args":[{"element-6066-11e4-a52e-4f735466cecf":"dd1ccdcd-c5f4-4549-98f3-e2f294731c01","ELEMENT":"dd1ccdcd-c5f4-4549-98f3-e2f294731c01"}]}
COMMAND: POST /session/594b61af6bdc06c985887bd92b9ecef4/element - {"using":"xpath","value":"//a[@title='Plans & Pricing']"}
RESULT: {"using":"xpath","value":"//a[@title='Plans & Pricing']"}
COMMAND: POST /session/594b61af6bdc06c985887bd92b9ecef4/execute/sync - {"script":"return (function isElementDisplayed(element) {\n    function nodeIsElement(node) {\n        if (!node) {\n            return false;\n        }\n        switch (node.nodeType) {\n            case Node.ELEMEN ... (7762 more bytes)","args":[{"element-6066-11e4-a52e-4f735466cecf":"dd1ccdcd-c5f4-4549-98f3-e2f294731c01","ELEMENT":"dd1ccdcd-c5f4-4549-98f3-e2f294731c01"}]}
RESULT: {"script":"return (function isElementDisplayed(element) {\n    function nodeIsElement(node) {\n        if (!node) {\n            return false;\n        }\n        switch (node.nodeType) {\n            case Node.ELEMEN ... (7762 more bytes)","args":[{"element-6066-11e4-a52e-4f735466cecf":"dd1ccdcd-c5f4-4549-98f3-e2f294731c01","ELEMENT":"dd1ccdcd-c5f4-4549-98f3-e2f294731c01"}]}
COMMAND: POST /session/594b61af6bdc06c985887bd92b9ecef4/execute/sync - {"script":"return (function isElementClickable(elem) {\n    if (!elem.getBoundingClientRect || !elem.scrollIntoView || !elem.contains || !elem.getClientRects || !document.elementFromPoint) {\n        return false; ... (5149 more bytes)","args":[{"element-6066-11e4-a52e-4f735466cecf":"dd1ccdcd-c5f4-4549-98f3-e2f294731c01","ELEMENT":"dd1ccdcd-c5f4-4549-98f3-e2f294731c01"}]}
RESULT: {"script":"return (function isElementClickable(elem) {\n    if (!elem.getBoundingClientRect || !elem.scrollIntoView || !elem.contains || !elem.getClientRects || !document.elementFromPoint) {\n        return false; ... (5149 more bytes)","args":[{"element-6066-11e4-a52e-4f735466cecf":"dd1ccdcd-c5f4-4549-98f3-e2f294731c01","ELEMENT":"dd1ccdcd-c5f4-4549-98f3-e2f294731c01"}]}
COMMAND: POST /session/594b61af6bdc06c985887bd92b9ecef4/execute/sync - {"script":"return (function (elem, options) {\n        elem.scrollIntoView(options);\n    }).apply(null, arguments)","args":[{"element-6066-11e4-a52e-4f735466cecf":"dd1ccdcd-c5f4-4549-98f3-e2f294731c01","ELEMENT":"dd1ccdcd-c5f4-4549-98f3-e2f294731c01"},true]}
RESULT: {"script":"return (function (elem, options) {\n        elem.scrollIntoView(options);\n    }).apply(null, arguments)","args":[{"element-6066-11e4-a52e-4f735466cecf":"dd1ccdcd-c5f4-4549-98f3-e2f294731c01","ELEMENT":"dd1ccdcd-c5f4-4549-98f3-e2f294731c01"},true]}
COMMAND: POST /session/594b61af6bdc06c985887bd92b9ecef4/element - {"using":"xpath","value":"(//img[@class='mm-header__icon'])[1]"}
RESULT: {"using":"xpath","value":"(//img[@class='mm-header__icon'])[1]"}
COMMAND: POST /session/594b61af6bdc06c985887bd92b9ecef4/execute/sync - {"script":"return (function isElementDisplayed(element) {\n    function nodeIsElement(node) {\n        if (!node) {\n            return false;\n        }\n        switch (node.nodeType) {\n            case Node.ELEMEN ... (7762 more bytes)","args":[{"element-6066-11e4-a52e-4f735466cecf":"d58296b5-940f-4d5a-873c-74d28eb20a4a","ELEMENT":"d58296b5-940f-4d5a-873c-74d28eb20a4a"}]}
RESULT: {"script":"return (function isElementDisplayed(element) {\n    function nodeIsElement(node) {\n        if (!node) {\n            return false;\n        }\n        switch (node.nodeType) {\n            case Node.ELEMEN ... (7762 more bytes)","args":[{"element-6066-11e4-a52e-4f735466cecf":"d58296b5-940f-4d5a-873c-74d28eb20a4a","ELEMENT":"d58296b5-940f-4d5a-873c-74d28eb20a4a"}]}
COMMAND: POST /session/594b61af6bdc06c985887bd92b9ecef4/execute/sync - {"script":"return (function isElementClickable(elem) {\n    if (!elem.getBoundingClientRect || !elem.scrollIntoView || !elem.contains || !elem.getClientRects || !document.elementFromPoint) {\n        return false; ... (5149 more bytes)","args":[{"element-6066-11e4-a52e-4f735466cecf":"d58296b5-940f-4d5a-873c-74d28eb20a4a","ELEMENT":"d58296b5-940f-4d5a-873c-74d28eb20a4a"}]}
RESULT: {"script":"return (function isElementClickable(elem) {\n    if (!elem.getBoundingClientRect || !elem.scrollIntoView || !elem.contains || !elem.getClientRects || !document.elementFromPoint) {\n        return false; ... (5149 more bytes)","args":[{"element-6066-11e4-a52e-4f735466cecf":"d58296b5-940f-4d5a-873c-74d28eb20a4a","ELEMENT":"d58296b5-940f-4d5a-873c-74d28eb20a4a"}]}
COMMAND: POST /session/594b61af6bdc06c985887bd92b9ecef4/element - {"using":"css selector","value":".mm-header__action.mm-header__action-create"}
RESULT: {"using":"css selector","value":".mm-header__action.mm-header__action-create"}
COMMAND: POST /session/594b61af6bdc06c985887bd92b9ecef4/elements - {"using":"css selector","value":".mm-header__action.mm-header__action-create"}
RESULT: {"using":"css selector","value":".mm-header__action.mm-header__action-create"}
COMMAND: POST /session/594b61af6bdc06c985887bd92b9ecef4/element - {"using":"css selector","value":".mm-header__action.mm-header__action-create"}
RESULT: {"using":"css selector","value":".mm-header__action.mm-header__action-create"}
COMMAND: POST /session/594b61af6bdc06c985887bd92b9ecef4/execute/sync - {"script":"return (function isElementDisplayed(element) {\n    function nodeIsElement(node) {\n        if (!node) {\n            return false;\n        }\n        switch (node.nodeType) {\n            case Node.ELEMEN ... (7762 more bytes)","args":[{"element-6066-11e4-a52e-4f735466cecf":"d9085318-6903-4e4c-8636-76a3a77ad8cb","ELEMENT":"d9085318-6903-4e4c-8636-76a3a77ad8cb"}]}
RESULT: {"script":"return (function isElementDisplayed(element) {\n    function nodeIsElement(node) {\n        if (!node) {\n            return false;\n        }\n        switch (node.nodeType) {\n            case Node.ELEMEN ... (7762 more bytes)","args":[{"element-6066-11e4-a52e-4f735466cecf":"d9085318-6903-4e4c-8636-76a3a77ad8cb","ELEMENT":"d9085318-6903-4e4c-8636-76a3a77ad8cb"}]}
COMMAND: POST /session/594b61af6bdc06c985887bd92b9ecef4/element - {"using":"css selector","value":".mm-header__action.mm-header__action-create"}
RESULT: {"using":"css selector","value":".mm-header__action.mm-header__action-create"}
COMMAND: POST /session/594b61af6bdc06c985887bd92b9ecef4/execute/sync - {"script":"return (function isElementDisplayed(element) {\n    function nodeIsElement(node) {\n        if (!node) {\n            return false;\n        }\n        switch (node.nodeType) {\n            case Node.ELEMEN ... (7762 more bytes)","args":[{"element-6066-11e4-a52e-4f735466cecf":"d9085318-6903-4e4c-8636-76a3a77ad8cb","ELEMENT":"d9085318-6903-4e4c-8636-76a3a77ad8cb"}]}
RESULT: {"script":"return (function isElementDisplayed(element) {\n    function nodeIsElement(node) {\n        if (!node) {\n            return false;\n        }\n        switch (node.nodeType) {\n            case Node.ELEMEN ... (7762 more bytes)","args":[{"element-6066-11e4-a52e-4f735466cecf":"d9085318-6903-4e4c-8636-76a3a77ad8cb","ELEMENT":"d9085318-6903-4e4c-8636-76a3a77ad8cb"}]}
COMMAND: POST /session/594b61af6bdc06c985887bd92b9ecef4/execute/sync - {"script":"return (function isElementClickable(elem) {\n    if (!elem.getBoundingClientRect || !elem.scrollIntoView || !elem.contains || !elem.getClientRects || !document.elementFromPoint) {\n        return false; ... (5149 more bytes)","args":[{"element-6066-11e4-a52e-4f735466cecf":"d9085318-6903-4e4c-8636-76a3a77ad8cb","ELEMENT":"d9085318-6903-4e4c-8636-76a3a77ad8cb"}]}
RESULT: {"script":"return (function isElementClickable(elem) {\n    if (!elem.getBoundingClientRect || !elem.scrollIntoView || !elem.contains || !elem.getClientRects || !document.elementFromPoint) {\n        return false; ... (5149 more bytes)","args":[{"element-6066-11e4-a52e-4f735466cecf":"d9085318-6903-4e4c-8636-76a3a77ad8cb","ELEMENT":"d9085318-6903-4e4c-8636-76a3a77ad8cb"}]}
COMMAND: POST /session/594b61af6bdc06c985887bd92b9ecef4/element/d9085318-6903-4e4c-8636-76a3a77ad8cb/click - {}
RESULT: {}
COMMAND: POST /session/594b61af6bdc06c985887bd92b9ecef4/element - {"using":"xpath","value":"//div[contains(@class,'wds-type--l')]"}
RESULT: {"using":"xpath","value":"//div[contains(@class,'wds-type--l')]"}
COMMAND: POST /session/594b61af6bdc06c985887bd92b9ecef4/element - {"using":"xpath","value":"//div[contains(@class,'wds-type--l')]"}
RESULT: {"using":"xpath","value":"//div[contains(@class,'wds-type--l')]"}
COMMAND: POST /session/594b61af6bdc06c985887bd92b9ecef4/element - {"using":"xpath","value":"//div[contains(@class,'wds-type--l')]"}
RESULT: {"using":"xpath","value":"//div[contains(@class,'wds-type--l')]"}
COMMAND: POST /session/594b61af6bdc06c985887bd92b9ecef4/element - {"using":"xpath","value":"//div[contains(@class,'wds-type--l')]"}
RESULT: {"using":"xpath","value":"//div[contains(@class,'wds-type--l')]"}
COMMAND: POST /session/594b61af6bdc06c985887bd92b9ecef4/execute/sync - {"script":"return (function isElementDisplayed(element) {\n    function nodeIsElement(node) {\n        if (!node) {\n            return false;\n        }\n        switch (node.nodeType) {\n            case Node.ELEMEN ... (7762 more bytes)","args":[{"element-6066-11e4-a52e-4f735466cecf":"baae73ba-a27b-45cc-b756-aca82b565079","ELEMENT":"baae73ba-a27b-45cc-b756-aca82b565079"}]}
RESULT: {"script":"return (function isElementDisplayed(element) {\n    function nodeIsElement(node) {\n        if (!node) {\n            return false;\n        }\n        switch (node.nodeType) {\n            case Node.ELEMEN ... (7762 more bytes)","args":[{"element-6066-11e4-a52e-4f735466cecf":"baae73ba-a27b-45cc-b756-aca82b565079","ELEMENT":"baae73ba-a27b-45cc-b756-aca82b565079"}]}
COMMAND: GET /session/594b61af6bdc06c985887bd92b9ecef4/element/baae73ba-a27b-45cc-b756-aca82b565079/text - {}
RESULT: {}
COMMAND: POST /session/594b61af6bdc06c985887bd92b9ecef4/element - {"using":"css selector","value":".wds-type--left"}
RESULT: {"using":"css selector","value":".wds-type--left"}
COMMAND: GET /session/594b61af6bdc06c985887bd92b9ecef4/element/baae73ba-a27b-45cc-b756-aca82b565079/text - {}
RESULT: {}
COMMAND: POST /session/594b61af6bdc06c985887bd92b9ecef4/elements - {"using":"css selector","value":".wds-button"}
RESULT: {"using":"css selector","value":".wds-button"}
COMMAND: POST /session/594b61af6bdc06c985887bd92b9ecef4/element - {"using":"css selector","value":".wds-modal__text"}
COMMAND: GET /session/594b61af6bdc06c985887bd92b9ecef4/element/3a62dfed-7c87-4afe-96f4-c9b45de22428/text - {}
COMMAND: GET /session/594b61af6bdc06c985887bd92b9ecef4/element/469477ac-fdc5-4bbc-87cc-78eb03401a8d/text - {}
COMMAND: GET /session/594b61af6bdc06c985887bd92b9ecef4/element/3dc5ac3d-216b-406c-b923-a4dc4f8f80fc/text - {}
COMMAND: GET /session/594b61af6bdc06c985887bd92b9ecef4/element/3411b896-7773-4c44-8f64-241aa3ba10d6/text - {}
COMMAND: GET /session/594b61af6bdc06c985887bd92b9ecef4/element/bc8ca995-7165-4fd1-8317-693e8eb956ee/text - {}
COMMAND: GET /session/594b61af6bdc06c985887bd92b9ecef4/element/220856c0-2f04-4ae5-82f7-069b3aa45680/text - {}
COMMAND: GET /session/594b61af6bdc06c985887bd92b9ecef4/element/324eeed8-4341-429c-9495-72d2fe904060/text - {}
COMMAND: GET /session/594b61af6bdc06c985887bd92b9ecef4/element/dadd55ba-faa0-479e-8808-7cdf7f056832/text - {}
COMMAND: GET /session/594b61af6bdc06c985887bd92b9ecef4/element/71a9541b-0ed8-4ce6-a3d7-4dc76f9d1c54/text - {}
COMMAND: GET /session/594b61af6bdc06c985887bd92b9ecef4/element/951849e9-4cc0-45c5-9580-9d0bd2fefcd2/text - {}
COMMAND: GET /session/594b61af6bdc06c985887bd92b9ecef4/element/15292871-c3aa-4542-915d-c83ba29f3991/text - {}
RESULT: {"using":"css selector","value":".wds-modal__text"}
COMMAND: POST /session/594b61af6bdc06c985887bd92b9ecef4/element - {"using":"css selector","value":".wds-modal__text"}
RESULT: {}
RESULT: {}
RESULT: {}
COMMAND: POST /session/594b61af6bdc06c985887bd92b9ecef4/elements - {"using":"css selector","value":".wds-button"}
RESULT: {}
RESULT: {}
RESULT: {}
RESULT: {}
RESULT: {}
RESULT: {}
RESULT: {}
RESULT: {}
RESULT: {"using":"css selector","value":".wds-modal__text"}
RESULT: {"using":"css selector","value":".wds-button"}
COMMAND: POST /session/594b61af6bdc06c985887bd92b9ecef4/element/469477ac-fdc5-4bbc-87cc-78eb03401a8d/click - {}
RESULT: {}
COMMAND: POST /session/594b61af6bdc06c985887bd92b9ecef4/element - {"using":"css selector","value":".wds-modal__text"}
RESULT: {"using":"css selector","value":".wds-modal__text"}
COMMAND: POST /session/594b61af6bdc06c985887bd92b9ecef4/execute/sync - {"script":"return (function isElementDisplayed(element) {\n    function nodeIsElement(node) {\n        if (!node) {\n            return false;\n        }\n        switch (node.nodeType) {\n            case Node.ELEMEN ... (7762 more bytes)","args":[{"element-6066-11e4-a52e-4f735466cecf":"5c14ca00-2d72-40ec-a0df-524c35be4fdb","ELEMENT":"5c14ca00-2d72-40ec-a0df-524c35be4fdb"}]}
RESULT: {"script":"return (function isElementDisplayed(element) {\n    function nodeIsElement(node) {\n        if (!node) {\n            return false;\n        }\n        switch (node.nodeType) {\n            case Node.ELEMEN ... (7762 more bytes)","args":[{"element-6066-11e4-a52e-4f735466cecf":"5c14ca00-2d72-40ec-a0df-524c35be4fdb","ELEMENT":"5c14ca00-2d72-40ec-a0df-524c35be4fdb"}]}
COMMAND: GET /session/594b61af6bdc06c985887bd92b9ecef4/element/5c14ca00-2d72-40ec-a0df-524c35be4fdb/text - {}
RESULT: {}
COMMAND: POST /session/594b61af6bdc06c985887bd92b9ecef4/element - {"using":"css selector","value":"#surveyTitle"}
RESULT: {"using":"css selector","value":"#surveyTitle"}
COMMAND: GET /session/594b61af6bdc06c985887bd92b9ecef4/element/6597911c-052d-4880-81b0-f170e818a584/enabled - {}
RESULT: {}
COMMAND: POST /session/594b61af6bdc06c985887bd92b9ecef4/element - {"using":"css selector","value":"#surveyTitle"}
RESULT: {"using":"css selector","value":"#surveyTitle"}
COMMAND: POST /session/594b61af6bdc06c985887bd92b9ecef4/execute/sync - {"script":"return (function isElementDisplayed(element) {\n    function nodeIsElement(node) {\n        if (!node) {\n            return false;\n        }\n        switch (node.nodeType) {\n            case Node.ELEMEN ... (7762 more bytes)","args":[{"element-6066-11e4-a52e-4f735466cecf":"6597911c-052d-4880-81b0-f170e818a584","ELEMENT":"6597911c-052d-4880-81b0-f170e818a584"}]}
RESULT: {"script":"return (function isElementDisplayed(element) {\n    function nodeIsElement(node) {\n        if (!node) {\n            return false;\n        }\n        switch (node.nodeType) {\n            case Node.ELEMEN ... (7762 more bytes)","args":[{"element-6066-11e4-a52e-4f735466cecf":"6597911c-052d-4880-81b0-f170e818a584","ELEMENT":"6597911c-052d-4880-81b0-f170e818a584"}]}
COMMAND: POST /session/594b61af6bdc06c985887bd92b9ecef4/element/6597911c-052d-4880-81b0-f170e818a584/clear - {}
RESULT: {}
COMMAND: POST /session/594b61af6bdc06c985887bd92b9ecef4/element/6597911c-052d-4880-81b0-f170e818a584/value - {"text":"Survey for the demo"}
RESULT: {"text":"Survey for the demo"}
COMMAND: POST /session/594b61af6bdc06c985887bd92b9ecef4/element - {"using":"css selector","value":"#newSurvey"}
RESULT: {"using":"css selector","value":"#newSurvey"}
COMMAND: POST /session/594b61af6bdc06c985887bd92b9ecef4/execute/sync - {"script":"return (function isElementDisplayed(element) {\n    function nodeIsElement(node) {\n        if (!node) {\n            return false;\n        }\n        switch (node.nodeType) {\n            case Node.ELEMEN ... (7762 more bytes)","args":[{"element-6066-11e4-a52e-4f735466cecf":"eb2dd2c7-db8e-49fd-ac5f-e66e70792a1d","ELEMENT":"eb2dd2c7-db8e-49fd-ac5f-e66e70792a1d"}]}
RESULT: {"script":"return (function isElementDisplayed(element) {\n    function nodeIsElement(node) {\n        if (!node) {\n            return false;\n        }\n        switch (node.nodeType) {\n            case Node.ELEMEN ... (7762 more bytes)","args":[{"element-6066-11e4-a52e-4f735466cecf":"eb2dd2c7-db8e-49fd-ac5f-e66e70792a1d","ELEMENT":"eb2dd2c7-db8e-49fd-ac5f-e66e70792a1d"}]}
COMMAND: POST /session/594b61af6bdc06c985887bd92b9ecef4/execute/sync - {"script":"return (function isElementClickable(elem) {\n    if (!elem.getBoundingClientRect || !elem.scrollIntoView || !elem.contains || !elem.getClientRects || !document.elementFromPoint) {\n        return false; ... (5149 more bytes)","args":[{"element-6066-11e4-a52e-4f735466cecf":"eb2dd2c7-db8e-49fd-ac5f-e66e70792a1d","ELEMENT":"eb2dd2c7-db8e-49fd-ac5f-e66e70792a1d"}]}
RESULT: {"script":"return (function isElementClickable(elem) {\n    if (!elem.getBoundingClientRect || !elem.scrollIntoView || !elem.contains || !elem.getClientRects || !document.elementFromPoint) {\n        return false; ... (5149 more bytes)","args":[{"element-6066-11e4-a52e-4f735466cecf":"eb2dd2c7-db8e-49fd-ac5f-e66e70792a1d","ELEMENT":"eb2dd2c7-db8e-49fd-ac5f-e66e70792a1d"}]}
COMMAND: POST /session/594b61af6bdc06c985887bd92b9ecef4/element/eb2dd2c7-db8e-49fd-ac5f-e66e70792a1d/click - {}
RESULT: {}
COMMAND: POST /session/594b61af6bdc06c985887bd92b9ecef4/element - {"using":"xpath","value":"//span[contains(@class,'add-l')]"}
RESULT: {"using":"xpath","value":"//span[contains(@class,'add-l')]"}
COMMAND: POST /session/594b61af6bdc06c985887bd92b9ecef4/element - {"using":"xpath","value":"//span[contains(@class,'add-l')]"}
RESULT: {"using":"xpath","value":"//span[contains(@class,'add-l')]"}
COMMAND: POST /session/594b61af6bdc06c985887bd92b9ecef4/element - {"using":"xpath","value":"//span[contains(@class,'add-l')]"}
COMMAND: GET /session/594b61af6bdc06c985887bd92b9ecef4/screenshot - {}
RESULT: {"using":"xpath","value":"//span[contains(@class,'add-l')]"}
COMMAND: POST /session/594b61af6bdc06c985887bd92b9ecef4/execute/sync - {"script":"return (function isElementDisplayed(element) {\n    function nodeIsElement(node) {\n        if (!node) {\n            return false;\n        }\n        switch (node.nodeType) {\n            case Node.ELEMEN ... (7762 more bytes)","args":[{"element-6066-11e4-a52e-4f735466cecf":"3f595751-ab9a-408b-880b-25f098c53ee4","ELEMENT":"3f595751-ab9a-408b-880b-25f098c53ee4"}]}
RESULT: {}
COMMAND: POST /session/594b61af6bdc06c985887bd92b9ecef4/refresh - {}
RESULT: {"script":"return (function isElementDisplayed(element) {\n    function nodeIsElement(node) {\n        if (!node) {\n            return false;\n        }\n        switch (node.nodeType) {\n            case Node.ELEMEN ... (7762 more bytes)","args":[{"element-6066-11e4-a52e-4f735466cecf":"3f595751-ab9a-408b-880b-25f098c53ee4","ELEMENT":"3f595751-ab9a-408b-880b-25f098c53ee4"}]}
COMMAND: POST /session/594b61af6bdc06c985887bd92b9ecef4/execute/sync - {"script":"return (function isElementClickable(elem) {\n    if (!elem.getBoundingClientRect || !elem.scrollIntoView || !elem.contains || !elem.getClientRects || !document.elementFromPoint) {\n        return false; ... (5149 more bytes)","args":[{"element-6066-11e4-a52e-4f735466cecf":"3f595751-ab9a-408b-880b-25f098c53ee4","ELEMENT":"3f595751-ab9a-408b-880b-25f098c53ee4"}]}
RESULT: {}
COMMAND: POST /session/594b61af6bdc06c985887bd92b9ecef4/element - {"using":"xpath","value":"//a[text()='My Surveys']"}
COMMAND: POST /session/594b61af6bdc06c985887bd92b9ecef4/element - {"using":"xpath","value":"//span[contains(@class,'add-l')]"}
RESULT: {"using":"xpath","value":"//a[text()='My Surveys']"}
COMMAND: POST /session/594b61af6bdc06c985887bd92b9ecef4/execute/sync - {"script":"return (function (elem, options) {\n        elem.scrollIntoView(options);\n    }).apply(null, arguments)","args":[{"element-6066-11e4-a52e-4f735466cecf":"51afd839-36df-425e-b714-8a4a39b7820c","ELEMENT":"51afd839-36df-425e-b714-8a4a39b7820c"},true]}
RESULT: {"using":"xpath","value":"//span[contains(@class,'add-l')]"}
COMMAND: POST /session/594b61af6bdc06c985887bd92b9ecef4/execute/sync - {"script":"return (function isElementDisplayed(element) {\n    function nodeIsElement(node) {\n        if (!node) {\n            return false;\n        }\n        switch (node.nodeType) {\n            case Node.ELEMEN ... (7762 more bytes)","args":[{"element-6066-11e4-a52e-4f735466cecf":"4cbef90f-22d9-4960-92f2-4362422771a8","ELEMENT":"4cbef90f-22d9-4960-92f2-4362422771a8"}]}
RESULT: {"script":"return (function (elem, options) {\n        elem.scrollIntoView(options);\n    }).apply(null, arguments)","args":[{"element-6066-11e4-a52e-4f735466cecf":"51afd839-36df-425e-b714-8a4a39b7820c","ELEMENT":"51afd839-36df-425e-b714-8a4a39b7820c"},true]}
COMMAND: POST /session/594b61af6bdc06c985887bd92b9ecef4/element - {"using":"xpath","value":"//a[text()='My Surveys']"}
RESULT: {"script":"return (function isElementDisplayed(element) {\n    function nodeIsElement(node) {\n        if (!node) {\n            return false;\n        }\n        switch (node.nodeType) {\n            case Node.ELEMEN ... (7762 more bytes)","args":[{"element-6066-11e4-a52e-4f735466cecf":"4cbef90f-22d9-4960-92f2-4362422771a8","ELEMENT":"4cbef90f-22d9-4960-92f2-4362422771a8"}]}
COMMAND: POST /session/594b61af6bdc06c985887bd92b9ecef4/execute/sync - {"script":"return (function isElementClickable(elem) {\n    if (!elem.getBoundingClientRect || !elem.scrollIntoView || !elem.contains || !elem.getClientRects || !document.elementFromPoint) {\n        return false; ... (5149 more bytes)","args":[{"element-6066-11e4-a52e-4f735466cecf":"4cbef90f-22d9-4960-92f2-4362422771a8","ELEMENT":"4cbef90f-22d9-4960-92f2-4362422771a8"}]}
RESULT: {"using":"xpath","value":"//a[text()='My Surveys']"}
COMMAND: POST /session/594b61af6bdc06c985887bd92b9ecef4/execute/sync - {"script":"return (function isElementDisplayed(element) {\n    function nodeIsElement(node) {\n        if (!node) {\n            return false;\n        }\n        switch (node.nodeType) {\n            case Node.ELEMEN ... (7762 more bytes)","args":[{"element-6066-11e4-a52e-4f735466cecf":"51afd839-36df-425e-b714-8a4a39b7820c","ELEMENT":"51afd839-36df-425e-b714-8a4a39b7820c"}]}
RESULT: {"script":"return (function isElementClickable(elem) {\n    if (!elem.getBoundingClientRect || !elem.scrollIntoView || !elem.contains || !elem.getClientRects || !document.elementFromPoint) {\n        return false; ... (5149 more bytes)","args":[{"element-6066-11e4-a52e-4f735466cecf":"4cbef90f-22d9-4960-92f2-4362422771a8","ELEMENT":"4cbef90f-22d9-4960-92f2-4362422771a8"}]}
RESULT: {"script":"return (function isElementDisplayed(element) {\n    function nodeIsElement(node) {\n        if (!node) {\n            return false;\n        }\n        switch (node.nodeType) {\n            case Node.ELEMEN ... (7762 more bytes)","args":[{"element-6066-11e4-a52e-4f735466cecf":"51afd839-36df-425e-b714-8a4a39b7820c","ELEMENT":"51afd839-36df-425e-b714-8a4a39b7820c"}]}
COMMAND: POST /session/594b61af6bdc06c985887bd92b9ecef4/execute/sync - {"script":"return (function isElementClickable(elem) {\n    if (!elem.getBoundingClientRect || !elem.scrollIntoView || !elem.contains || !elem.getClientRects || !document.elementFromPoint) {\n        return false; ... (5149 more bytes)","args":[{"element-6066-11e4-a52e-4f735466cecf":"51afd839-36df-425e-b714-8a4a39b7820c","ELEMENT":"51afd839-36df-425e-b714-8a4a39b7820c"}]}
RESULT: {"script":"return (function isElementClickable(elem) {\n    if (!elem.getBoundingClientRect || !elem.scrollIntoView || !elem.contains || !elem.getClientRects || !document.elementFromPoint) {\n        return false; ... (5149 more bytes)","args":[{"element-6066-11e4-a52e-4f735466cecf":"51afd839-36df-425e-b714-8a4a39b7820c","ELEMENT":"51afd839-36df-425e-b714-8a4a39b7820c"}]}
COMMAND: POST /session/594b61af6bdc06c985887bd92b9ecef4/element/51afd839-36df-425e-b714-8a4a39b7820c/click - {}
RESULT: {}
COMMAND: POST /session/594b61af6bdc06c985887bd92b9ecef4/element - {"using":"xpath","value":"(//span[@class='action-icon']//span)[1]"}
RESULT: {"using":"xpath","value":"(//span[@class='action-icon']//span)[1]"}
COMMAND: POST /session/594b61af6bdc06c985887bd92b9ecef4/execute/sync - {"script":"return (function isElementDisplayed(element) {\n    function nodeIsElement(node) {\n        if (!node) {\n            return false;\n        }\n        switch (node.nodeType) {\n            case Node.ELEMEN ... (7762 more bytes)","args":[{"element-6066-11e4-a52e-4f735466cecf":"814bacd1-772b-4d51-9f2a-eb9659c1f3e2","ELEMENT":"814bacd1-772b-4d51-9f2a-eb9659c1f3e2"}]}
RESULT: {"script":"return (function isElementDisplayed(element) {\n    function nodeIsElement(node) {\n        if (!node) {\n            return false;\n        }\n        switch (node.nodeType) {\n            case Node.ELEMEN ... (7762 more bytes)","args":[{"element-6066-11e4-a52e-4f735466cecf":"814bacd1-772b-4d51-9f2a-eb9659c1f3e2","ELEMENT":"814bacd1-772b-4d51-9f2a-eb9659c1f3e2"}]}
COMMAND: POST /session/594b61af6bdc06c985887bd92b9ecef4/execute/sync - {"script":"return (function isElementClickable(elem) {\n    if (!elem.getBoundingClientRect || !elem.scrollIntoView || !elem.contains || !elem.getClientRects || !document.elementFromPoint) {\n        return false; ... (5149 more bytes)","args":[{"element-6066-11e4-a52e-4f735466cecf":"814bacd1-772b-4d51-9f2a-eb9659c1f3e2","ELEMENT":"814bacd1-772b-4d51-9f2a-eb9659c1f3e2"}]}
RESULT: {"script":"return (function isElementClickable(elem) {\n    if (!elem.getBoundingClientRect || !elem.scrollIntoView || !elem.contains || !elem.getClientRects || !document.elementFromPoint) {\n        return false; ... (5149 more bytes)","args":[{"element-6066-11e4-a52e-4f735466cecf":"814bacd1-772b-4d51-9f2a-eb9659c1f3e2","ELEMENT":"814bacd1-772b-4d51-9f2a-eb9659c1f3e2"}]}
COMMAND: POST /session/594b61af6bdc06c985887bd92b9ecef4/element/814bacd1-772b-4d51-9f2a-eb9659c1f3e2/click - {}
RESULT: {}
COMMAND: POST /session/594b61af6bdc06c985887bd92b9ecef4/element - {"using":"xpath","value":"(//span[text()='Delete'])[2]"}
RESULT: {"using":"xpath","value":"(//span[text()='Delete'])[2]"}
COMMAND: POST /session/594b61af6bdc06c985887bd92b9ecef4/execute/sync - {"script":"return (function isElementDisplayed(element) {\n    function nodeIsElement(node) {\n        if (!node) {\n            return false;\n        }\n        switch (node.nodeType) {\n            case Node.ELEMEN ... (7762 more bytes)","args":[{"element-6066-11e4-a52e-4f735466cecf":"3b26ad51-3117-4b78-98a9-3c401a856464","ELEMENT":"3b26ad51-3117-4b78-98a9-3c401a856464"}]}
RESULT: {"script":"return (function isElementDisplayed(element) {\n    function nodeIsElement(node) {\n        if (!node) {\n            return false;\n        }\n        switch (node.nodeType) {\n            case Node.ELEMEN ... (7762 more bytes)","args":[{"element-6066-11e4-a52e-4f735466cecf":"3b26ad51-3117-4b78-98a9-3c401a856464","ELEMENT":"3b26ad51-3117-4b78-98a9-3c401a856464"}]}
COMMAND: POST /session/594b61af6bdc06c985887bd92b9ecef4/execute/sync - {"script":"return (function isElementClickable(elem) {\n    if (!elem.getBoundingClientRect || !elem.scrollIntoView || !elem.contains || !elem.getClientRects || !document.elementFromPoint) {\n        return false; ... (5149 more bytes)","args":[{"element-6066-11e4-a52e-4f735466cecf":"3b26ad51-3117-4b78-98a9-3c401a856464","ELEMENT":"3b26ad51-3117-4b78-98a9-3c401a856464"}]}
RESULT: {"script":"return (function isElementClickable(elem) {\n    if (!elem.getBoundingClientRect || !elem.scrollIntoView || !elem.contains || !elem.getClientRects || !document.elementFromPoint) {\n        return false; ... (5149 more bytes)","args":[{"element-6066-11e4-a52e-4f735466cecf":"3b26ad51-3117-4b78-98a9-3c401a856464","ELEMENT":"3b26ad51-3117-4b78-98a9-3c401a856464"}]}
COMMAND: POST /session/594b61af6bdc06c985887bd92b9ecef4/element/3b26ad51-3117-4b78-98a9-3c401a856464/click - {}
RESULT: {}
COMMAND: POST /session/594b61af6bdc06c985887bd92b9ecef4/element - {"using":"xpath","value":"(//span[text()='survey'])[2]"}
RESULT: {"using":"xpath","value":"(//span[text()='survey'])[2]"}
COMMAND: POST /session/594b61af6bdc06c985887bd92b9ecef4/execute/sync - {"script":"return (function isElementDisplayed(element) {\n    function nodeIsElement(node) {\n        if (!node) {\n            return false;\n        }\n        switch (node.nodeType) {\n            case Node.ELEMEN ... (7762 more bytes)","args":[{"element-6066-11e4-a52e-4f735466cecf":"c7fae0a4-569a-4d29-9ef9-797cc5c3e04b","ELEMENT":"c7fae0a4-569a-4d29-9ef9-797cc5c3e04b"}]}
RESULT: {"script":"return (function isElementDisplayed(element) {\n    function nodeIsElement(node) {\n        if (!node) {\n            return false;\n        }\n        switch (node.nodeType) {\n            case Node.ELEMEN ... (7762 more bytes)","args":[{"element-6066-11e4-a52e-4f735466cecf":"c7fae0a4-569a-4d29-9ef9-797cc5c3e04b","ELEMENT":"c7fae0a4-569a-4d29-9ef9-797cc5c3e04b"}]}
COMMAND: POST /session/594b61af6bdc06c985887bd92b9ecef4/element - {"using":"xpath","value":"(//a[text()='DELETE'])[3]"}
RESULT: {"using":"xpath","value":"(//a[text()='DELETE'])[3]"}
COMMAND: POST /session/594b61af6bdc06c985887bd92b9ecef4/execute/sync - {"script":"return (function isElementDisplayed(element) {\n    function nodeIsElement(node) {\n        if (!node) {\n            return false;\n        }\n        switch (node.nodeType) {\n            case Node.ELEMEN ... (7762 more bytes)","args":[{"element-6066-11e4-a52e-4f735466cecf":"4bb975f3-c667-4f4f-b135-be0e16fca894","ELEMENT":"4bb975f3-c667-4f4f-b135-be0e16fca894"}]}
RESULT: {"script":"return (function isElementDisplayed(element) {\n    function nodeIsElement(node) {\n        if (!node) {\n            return false;\n        }\n        switch (node.nodeType) {\n            case Node.ELEMEN ... (7762 more bytes)","args":[{"element-6066-11e4-a52e-4f735466cecf":"4bb975f3-c667-4f4f-b135-be0e16fca894","ELEMENT":"4bb975f3-c667-4f4f-b135-be0e16fca894"}]}
COMMAND: POST /session/594b61af6bdc06c985887bd92b9ecef4/execute/sync - {"script":"return (function isElementClickable(elem) {\n    if (!elem.getBoundingClientRect || !elem.scrollIntoView || !elem.contains || !elem.getClientRects || !document.elementFromPoint) {\n        return false; ... (5149 more bytes)","args":[{"element-6066-11e4-a52e-4f735466cecf":"4bb975f3-c667-4f4f-b135-be0e16fca894","ELEMENT":"4bb975f3-c667-4f4f-b135-be0e16fca894"}]}
RESULT: {"script":"return (function isElementClickable(elem) {\n    if (!elem.getBoundingClientRect || !elem.scrollIntoView || !elem.contains || !elem.getClientRects || !document.elementFromPoint) {\n        return false; ... (5149 more bytes)","args":[{"element-6066-11e4-a52e-4f735466cecf":"4bb975f3-c667-4f4f-b135-be0e16fca894","ELEMENT":"4bb975f3-c667-4f4f-b135-be0e16fca894"}]}
COMMAND: POST /session/594b61af6bdc06c985887bd92b9ecef4/element/4bb975f3-c667-4f4f-b135-be0e16fca894/click - {}
RESULT: {}
]]></system-out>
      <system-err><![CDATA[
Error: element ("//span[contains(@class,'add-l')]") still not clickable after 10000ms
    at D:\MyServeyMonekyStartFromScrachTestCase\NewTestCases\node_modules\webdriverio\build\commands\browser\waitUntil.js:66:23
    at Element.wrapCommandFn (D:\MyServeyMonekyStartFromScrachTestCase\NewTestCases\node_modules\@wdio\utils\build\shim.js:137:29)
    at Element.elementErrorHandlerCallbackFn (D:\MyServeyMonekyStartFromScrachTestCase\NewTestCases\node_modules\webdriverio\build\middlewares.js:24:32)
    at Element.wrapCommandFn (D:\MyServeyMonekyStartFromScrachTestCase\NewTestCases\node_modules\@wdio\utils\build\shim.js:137:29)
    at Element.wrapCommandFn (D:\MyServeyMonekyStartFromScrachTestCase\NewTestCases\node_modules\@wdio\utils\build\shim.js:137:29)
    at Element.elementErrorHandlerCallbackFn (D:\MyServeyMonekyStartFromScrachTestCase\NewTestCases\node_modules\webdriverio\build\middlewares.js:24:32)
    at Element.wrapCommandFn (D:\MyServeyMonekyStartFromScrachTestCase\NewTestCases\node_modules\@wdio\utils\build\shim.js:137:29)
    at Utility2.performClick (D:\MyServeyMonekyStartFromScrachTestCase\NewTestCases\test\Utility\/Utility2.js:4:9)
    at Logo.addLogo (D:\MyServeyMonekyStartFromScrachTestCase\NewTestCases\test\Modal\/LogoAdd.js:37:5)
    at Context.<anonymous> (D:\MyServeyMonekyStartFromScrachTestCase\NewTestCases\test\TestCase\/AddLogo.js:20:36)
]]></system-err>
    </testcase>
    <testcase classname="chrome.105_0_5195_127.windows.verify_that_user_is_able_to_add_logo_from_computer" name="Verfiy that when the user add logo above 2 mb error should be displayed" time="24.561">
      <system-out><![CDATA[
COMMAND: POST /session/594b61af6bdc06c985887bd92b9ecef4/element - {"using":"xpath","value":"//a[@title='Plans & Pricing']"}
RESULT: {"using":"xpath","value":"//a[@title='Plans & Pricing']"}
COMMAND: POST /session/594b61af6bdc06c985887bd92b9ecef4/execute/sync - {"script":"return (function isElementDisplayed(element) {\n    function nodeIsElement(node) {\n        if (!node) {\n            return false;\n        }\n        switch (node.nodeType) {\n            case Node.ELEMEN ... (7762 more bytes)","args":[{"element-6066-11e4-a52e-4f735466cecf":"00e0bdf3-7044-4132-bcae-ea0b31b9bbbd","ELEMENT":"00e0bdf3-7044-4132-bcae-ea0b31b9bbbd"}]}
RESULT: {"script":"return (function isElementDisplayed(element) {\n    function nodeIsElement(node) {\n        if (!node) {\n            return false;\n        }\n        switch (node.nodeType) {\n            case Node.ELEMEN ... (7762 more bytes)","args":[{"element-6066-11e4-a52e-4f735466cecf":"00e0bdf3-7044-4132-bcae-ea0b31b9bbbd","ELEMENT":"00e0bdf3-7044-4132-bcae-ea0b31b9bbbd"}]}
COMMAND: POST /session/594b61af6bdc06c985887bd92b9ecef4/element - {"using":"xpath","value":"//a[@title='Plans & Pricing']"}
RESULT: {"using":"xpath","value":"//a[@title='Plans & Pricing']"}
COMMAND: POST /session/594b61af6bdc06c985887bd92b9ecef4/execute/sync - {"script":"return (function isElementDisplayed(element) {\n    function nodeIsElement(node) {\n        if (!node) {\n            return false;\n        }\n        switch (node.nodeType) {\n            case Node.ELEMEN ... (7762 more bytes)","args":[{"element-6066-11e4-a52e-4f735466cecf":"00e0bdf3-7044-4132-bcae-ea0b31b9bbbd","ELEMENT":"00e0bdf3-7044-4132-bcae-ea0b31b9bbbd"}]}
RESULT: {"script":"return (function isElementDisplayed(element) {\n    function nodeIsElement(node) {\n        if (!node) {\n            return false;\n        }\n        switch (node.nodeType) {\n            case Node.ELEMEN ... (7762 more bytes)","args":[{"element-6066-11e4-a52e-4f735466cecf":"00e0bdf3-7044-4132-bcae-ea0b31b9bbbd","ELEMENT":"00e0bdf3-7044-4132-bcae-ea0b31b9bbbd"}]}
COMMAND: POST /session/594b61af6bdc06c985887bd92b9ecef4/execute/sync - {"script":"return (function isElementClickable(elem) {\n    if (!elem.getBoundingClientRect || !elem.scrollIntoView || !elem.contains || !elem.getClientRects || !document.elementFromPoint) {\n        return false; ... (5149 more bytes)","args":[{"element-6066-11e4-a52e-4f735466cecf":"00e0bdf3-7044-4132-bcae-ea0b31b9bbbd","ELEMENT":"00e0bdf3-7044-4132-bcae-ea0b31b9bbbd"}]}
RESULT: {"script":"return (function isElementClickable(elem) {\n    if (!elem.getBoundingClientRect || !elem.scrollIntoView || !elem.contains || !elem.getClientRects || !document.elementFromPoint) {\n        return false; ... (5149 more bytes)","args":[{"element-6066-11e4-a52e-4f735466cecf":"00e0bdf3-7044-4132-bcae-ea0b31b9bbbd","ELEMENT":"00e0bdf3-7044-4132-bcae-ea0b31b9bbbd"}]}
COMMAND: POST /session/594b61af6bdc06c985887bd92b9ecef4/execute/sync - {"script":"return (function (elem, options) {\n        elem.scrollIntoView(options);\n    }).apply(null, arguments)","args":[{"element-6066-11e4-a52e-4f735466cecf":"00e0bdf3-7044-4132-bcae-ea0b31b9bbbd","ELEMENT":"00e0bdf3-7044-4132-bcae-ea0b31b9bbbd"},true]}
RESULT: {"script":"return (function (elem, options) {\n        elem.scrollIntoView(options);\n    }).apply(null, arguments)","args":[{"element-6066-11e4-a52e-4f735466cecf":"00e0bdf3-7044-4132-bcae-ea0b31b9bbbd","ELEMENT":"00e0bdf3-7044-4132-bcae-ea0b31b9bbbd"},true]}
COMMAND: POST /session/594b61af6bdc06c985887bd92b9ecef4/element - {"using":"xpath","value":"(//img[@class='mm-header__icon'])[1]"}
RESULT: {"using":"xpath","value":"(//img[@class='mm-header__icon'])[1]"}
COMMAND: POST /session/594b61af6bdc06c985887bd92b9ecef4/execute/sync - {"script":"return (function isElementDisplayed(element) {\n    function nodeIsElement(node) {\n        if (!node) {\n            return false;\n        }\n        switch (node.nodeType) {\n            case Node.ELEMEN ... (7762 more bytes)","args":[{"element-6066-11e4-a52e-4f735466cecf":"e1c161fa-07a6-496b-8368-41dd4b99164b","ELEMENT":"e1c161fa-07a6-496b-8368-41dd4b99164b"}]}
RESULT: {"script":"return (function isElementDisplayed(element) {\n    function nodeIsElement(node) {\n        if (!node) {\n            return false;\n        }\n        switch (node.nodeType) {\n            case Node.ELEMEN ... (7762 more bytes)","args":[{"element-6066-11e4-a52e-4f735466cecf":"e1c161fa-07a6-496b-8368-41dd4b99164b","ELEMENT":"e1c161fa-07a6-496b-8368-41dd4b99164b"}]}
COMMAND: POST /session/594b61af6bdc06c985887bd92b9ecef4/execute/sync - {"script":"return (function isElementClickable(elem) {\n    if (!elem.getBoundingClientRect || !elem.scrollIntoView || !elem.contains || !elem.getClientRects || !document.elementFromPoint) {\n        return false; ... (5149 more bytes)","args":[{"element-6066-11e4-a52e-4f735466cecf":"e1c161fa-07a6-496b-8368-41dd4b99164b","ELEMENT":"e1c161fa-07a6-496b-8368-41dd4b99164b"}]}
RESULT: {"script":"return (function isElementClickable(elem) {\n    if (!elem.getBoundingClientRect || !elem.scrollIntoView || !elem.contains || !elem.getClientRects || !document.elementFromPoint) {\n        return false; ... (5149 more bytes)","args":[{"element-6066-11e4-a52e-4f735466cecf":"e1c161fa-07a6-496b-8368-41dd4b99164b","ELEMENT":"e1c161fa-07a6-496b-8368-41dd4b99164b"}]}
COMMAND: POST /session/594b61af6bdc06c985887bd92b9ecef4/element - {"using":"css selector","value":".mm-header__action.mm-header__action-create"}
RESULT: {"using":"css selector","value":".mm-header__action.mm-header__action-create"}
COMMAND: POST /session/594b61af6bdc06c985887bd92b9ecef4/elements - {"using":"css selector","value":".mm-header__action.mm-header__action-create"}
RESULT: {"using":"css selector","value":".mm-header__action.mm-header__action-create"}
COMMAND: POST /session/594b61af6bdc06c985887bd92b9ecef4/element - {"using":"css selector","value":".mm-header__action.mm-header__action-create"}
RESULT: {"using":"css selector","value":".mm-header__action.mm-header__action-create"}
COMMAND: POST /session/594b61af6bdc06c985887bd92b9ecef4/execute/sync - {"script":"return (function isElementDisplayed(element) {\n    function nodeIsElement(node) {\n        if (!node) {\n            return false;\n        }\n        switch (node.nodeType) {\n            case Node.ELEMEN ... (7762 more bytes)","args":[{"element-6066-11e4-a52e-4f735466cecf":"3b968b77-845d-40ec-8a93-52e96b71d33a","ELEMENT":"3b968b77-845d-40ec-8a93-52e96b71d33a"}]}
RESULT: {"script":"return (function isElementDisplayed(element) {\n    function nodeIsElement(node) {\n        if (!node) {\n            return false;\n        }\n        switch (node.nodeType) {\n            case Node.ELEMEN ... (7762 more bytes)","args":[{"element-6066-11e4-a52e-4f735466cecf":"3b968b77-845d-40ec-8a93-52e96b71d33a","ELEMENT":"3b968b77-845d-40ec-8a93-52e96b71d33a"}]}
COMMAND: POST /session/594b61af6bdc06c985887bd92b9ecef4/element - {"using":"css selector","value":".mm-header__action.mm-header__action-create"}
RESULT: {"using":"css selector","value":".mm-header__action.mm-header__action-create"}
COMMAND: POST /session/594b61af6bdc06c985887bd92b9ecef4/execute/sync - {"script":"return (function isElementDisplayed(element) {\n    function nodeIsElement(node) {\n        if (!node) {\n            return false;\n        }\n        switch (node.nodeType) {\n            case Node.ELEMEN ... (7762 more bytes)","args":[{"element-6066-11e4-a52e-4f735466cecf":"3b968b77-845d-40ec-8a93-52e96b71d33a","ELEMENT":"3b968b77-845d-40ec-8a93-52e96b71d33a"}]}
RESULT: {"script":"return (function isElementDisplayed(element) {\n    function nodeIsElement(node) {\n        if (!node) {\n            return false;\n        }\n        switch (node.nodeType) {\n            case Node.ELEMEN ... (7762 more bytes)","args":[{"element-6066-11e4-a52e-4f735466cecf":"3b968b77-845d-40ec-8a93-52e96b71d33a","ELEMENT":"3b968b77-845d-40ec-8a93-52e96b71d33a"}]}
COMMAND: POST /session/594b61af6bdc06c985887bd92b9ecef4/execute/sync - {"script":"return (function isElementClickable(elem) {\n    if (!elem.getBoundingClientRect || !elem.scrollIntoView || !elem.contains || !elem.getClientRects || !document.elementFromPoint) {\n        return false; ... (5149 more bytes)","args":[{"element-6066-11e4-a52e-4f735466cecf":"3b968b77-845d-40ec-8a93-52e96b71d33a","ELEMENT":"3b968b77-845d-40ec-8a93-52e96b71d33a"}]}
RESULT: {"script":"return (function isElementClickable(elem) {\n    if (!elem.getBoundingClientRect || !elem.scrollIntoView || !elem.contains || !elem.getClientRects || !document.elementFromPoint) {\n        return false; ... (5149 more bytes)","args":[{"element-6066-11e4-a52e-4f735466cecf":"3b968b77-845d-40ec-8a93-52e96b71d33a","ELEMENT":"3b968b77-845d-40ec-8a93-52e96b71d33a"}]}
COMMAND: POST /session/594b61af6bdc06c985887bd92b9ecef4/element/3b968b77-845d-40ec-8a93-52e96b71d33a/click - {}
RESULT: {}
COMMAND: POST /session/594b61af6bdc06c985887bd92b9ecef4/element - {"using":"xpath","value":"//div[contains(@class,'wds-type--l')]"}
RESULT: {"using":"xpath","value":"//div[contains(@class,'wds-type--l')]"}
COMMAND: POST /session/594b61af6bdc06c985887bd92b9ecef4/element - {"using":"xpath","value":"//div[contains(@class,'wds-type--l')]"}
RESULT: {"using":"xpath","value":"//div[contains(@class,'wds-type--l')]"}
COMMAND: POST /session/594b61af6bdc06c985887bd92b9ecef4/element - {"using":"xpath","value":"//div[contains(@class,'wds-type--l')]"}
RESULT: {"using":"xpath","value":"//div[contains(@class,'wds-type--l')]"}
COMMAND: POST /session/594b61af6bdc06c985887bd92b9ecef4/element - {"using":"xpath","value":"//div[contains(@class,'wds-type--l')]"}
RESULT: {"using":"xpath","value":"//div[contains(@class,'wds-type--l')]"}
COMMAND: POST /session/594b61af6bdc06c985887bd92b9ecef4/element - {"using":"xpath","value":"//div[contains(@class,'wds-type--l')]"}
RESULT: {"using":"xpath","value":"//div[contains(@class,'wds-type--l')]"}
COMMAND: POST /session/594b61af6bdc06c985887bd92b9ecef4/execute/sync - {"script":"return (function isElementDisplayed(element) {\n    function nodeIsElement(node) {\n        if (!node) {\n            return false;\n        }\n        switch (node.nodeType) {\n            case Node.ELEMEN ... (7762 more bytes)","args":[{"element-6066-11e4-a52e-4f735466cecf":"cb552f45-dd79-45cf-82fe-5c1d06de5f48","ELEMENT":"cb552f45-dd79-45cf-82fe-5c1d06de5f48"}]}
RESULT: {"script":"return (function isElementDisplayed(element) {\n    function nodeIsElement(node) {\n        if (!node) {\n            return false;\n        }\n        switch (node.nodeType) {\n            case Node.ELEMEN ... (7762 more bytes)","args":[{"element-6066-11e4-a52e-4f735466cecf":"cb552f45-dd79-45cf-82fe-5c1d06de5f48","ELEMENT":"cb552f45-dd79-45cf-82fe-5c1d06de5f48"}]}
COMMAND: GET /session/594b61af6bdc06c985887bd92b9ecef4/element/cb552f45-dd79-45cf-82fe-5c1d06de5f48/text - {}
RESULT: {}
COMMAND: POST /session/594b61af6bdc06c985887bd92b9ecef4/element - {"using":"css selector","value":".wds-type--left"}
RESULT: {"using":"css selector","value":".wds-type--left"}
COMMAND: GET /session/594b61af6bdc06c985887bd92b9ecef4/element/cb552f45-dd79-45cf-82fe-5c1d06de5f48/text - {}
RESULT: {}
COMMAND: POST /session/594b61af6bdc06c985887bd92b9ecef4/elements - {"using":"css selector","value":".wds-button"}
RESULT: {"using":"css selector","value":".wds-button"}
COMMAND: POST /session/594b61af6bdc06c985887bd92b9ecef4/element - {"using":"css selector","value":".wds-modal__text"}
COMMAND: GET /session/594b61af6bdc06c985887bd92b9ecef4/element/ca1ca9e0-7e8e-47f7-85aa-615662603c45/text - {}
COMMAND: GET /session/594b61af6bdc06c985887bd92b9ecef4/element/bdc67add-c64e-4efc-9561-b60986163d28/text - {}
COMMAND: GET /session/594b61af6bdc06c985887bd92b9ecef4/element/e521d8a0-81df-4d3e-8230-7c55761f54a6/text - {}
COMMAND: GET /session/594b61af6bdc06c985887bd92b9ecef4/element/15f02b28-79cc-4918-b3bd-0c30286ae33c/text - {}
COMMAND: GET /session/594b61af6bdc06c985887bd92b9ecef4/element/344ff3db-b5f7-451b-b57f-aff580b7d7b4/text - {}
COMMAND: GET /session/594b61af6bdc06c985887bd92b9ecef4/element/716b46f1-769b-4009-b23d-b28605311121/text - {}
COMMAND: GET /session/594b61af6bdc06c985887bd92b9ecef4/element/ac7cc8d5-e522-4e43-8b85-ca1657d80514/text - {}
COMMAND: GET /session/594b61af6bdc06c985887bd92b9ecef4/element/26ae7ee2-5697-48f9-8fe0-516fb8ea1f50/text - {}
COMMAND: GET /session/594b61af6bdc06c985887bd92b9ecef4/element/41700754-b488-42ce-a4ac-75bca54c0279/text - {}
COMMAND: GET /session/594b61af6bdc06c985887bd92b9ecef4/element/534545b7-9ca0-47b1-a08b-19856a455db8/text - {}
COMMAND: GET /session/594b61af6bdc06c985887bd92b9ecef4/element/63faa49c-8200-47ed-be0a-8c2d9483534e/text - {}
RESULT: {"using":"css selector","value":".wds-modal__text"}
COMMAND: POST /session/594b61af6bdc06c985887bd92b9ecef4/element - {"using":"css selector","value":".wds-modal__text"}
RESULT: {}
RESULT: {}
COMMAND: POST /session/594b61af6bdc06c985887bd92b9ecef4/elements - {"using":"css selector","value":".wds-button"}
RESULT: {}
RESULT: {}
RESULT: {}
RESULT: {}
RESULT: {}
RESULT: {}
RESULT: {}
RESULT: {}
RESULT: {}
RESULT: {"using":"css selector","value":".wds-modal__text"}
COMMAND: POST /session/594b61af6bdc06c985887bd92b9ecef4/element - {"using":"css selector","value":".wds-modal__text"}
RESULT: {"using":"css selector","value":".wds-button"}
COMMAND: POST /session/594b61af6bdc06c985887bd92b9ecef4/element/bdc67add-c64e-4efc-9561-b60986163d28/click - {}
RESULT: {"using":"css selector","value":".wds-modal__text"}
COMMAND: POST /session/594b61af6bdc06c985887bd92b9ecef4/element - {"using":"css selector","value":".wds-modal__text"}
RESULT: {}
RESULT: {"using":"css selector","value":".wds-modal__text"}
COMMAND: POST /session/594b61af6bdc06c985887bd92b9ecef4/execute/sync - {"script":"return (function isElementDisplayed(element) {\n    function nodeIsElement(node) {\n        if (!node) {\n            return false;\n        }\n        switch (node.nodeType) {\n            case Node.ELEMEN ... (7762 more bytes)","args":[{"element-6066-11e4-a52e-4f735466cecf":"2fc677b2-577f-4346-b296-84bf9b5f6feb","ELEMENT":"2fc677b2-577f-4346-b296-84bf9b5f6feb"}]}
RESULT: {"script":"return (function isElementDisplayed(element) {\n    function nodeIsElement(node) {\n        if (!node) {\n            return false;\n        }\n        switch (node.nodeType) {\n            case Node.ELEMEN ... (7762 more bytes)","args":[{"element-6066-11e4-a52e-4f735466cecf":"2fc677b2-577f-4346-b296-84bf9b5f6feb","ELEMENT":"2fc677b2-577f-4346-b296-84bf9b5f6feb"}]}
COMMAND: GET /session/594b61af6bdc06c985887bd92b9ecef4/element/2fc677b2-577f-4346-b296-84bf9b5f6feb/text - {}
RESULT: {}
COMMAND: POST /session/594b61af6bdc06c985887bd92b9ecef4/element - {"using":"css selector","value":"#surveyTitle"}
RESULT: {"using":"css selector","value":"#surveyTitle"}
COMMAND: GET /session/594b61af6bdc06c985887bd92b9ecef4/element/a9178fce-2d16-446d-9e11-f2b6f008601b/enabled - {}
RESULT: {}
COMMAND: POST /session/594b61af6bdc06c985887bd92b9ecef4/element - {"using":"css selector","value":"#surveyTitle"}
RESULT: {"using":"css selector","value":"#surveyTitle"}
COMMAND: POST /session/594b61af6bdc06c985887bd92b9ecef4/execute/sync - {"script":"return (function isElementDisplayed(element) {\n    function nodeIsElement(node) {\n        if (!node) {\n            return false;\n        }\n        switch (node.nodeType) {\n            case Node.ELEMEN ... (7762 more bytes)","args":[{"element-6066-11e4-a52e-4f735466cecf":"a9178fce-2d16-446d-9e11-f2b6f008601b","ELEMENT":"a9178fce-2d16-446d-9e11-f2b6f008601b"}]}
RESULT: {"script":"return (function isElementDisplayed(element) {\n    function nodeIsElement(node) {\n        if (!node) {\n            return false;\n        }\n        switch (node.nodeType) {\n            case Node.ELEMEN ... (7762 more bytes)","args":[{"element-6066-11e4-a52e-4f735466cecf":"a9178fce-2d16-446d-9e11-f2b6f008601b","ELEMENT":"a9178fce-2d16-446d-9e11-f2b6f008601b"}]}
COMMAND: POST /session/594b61af6bdc06c985887bd92b9ecef4/element/a9178fce-2d16-446d-9e11-f2b6f008601b/clear - {}
RESULT: {}
COMMAND: POST /session/594b61af6bdc06c985887bd92b9ecef4/element/a9178fce-2d16-446d-9e11-f2b6f008601b/value - {"text":"Survey for the demo"}
RESULT: {"text":"Survey for the demo"}
COMMAND: POST /session/594b61af6bdc06c985887bd92b9ecef4/element - {"using":"css selector","value":"#newSurvey"}
RESULT: {"using":"css selector","value":"#newSurvey"}
COMMAND: POST /session/594b61af6bdc06c985887bd92b9ecef4/execute/sync - {"script":"return (function isElementDisplayed(element) {\n    function nodeIsElement(node) {\n        if (!node) {\n            return false;\n        }\n        switch (node.nodeType) {\n            case Node.ELEMEN ... (7762 more bytes)","args":[{"element-6066-11e4-a52e-4f735466cecf":"edde68ad-06e6-4ce8-8d03-9fb8b72c0837","ELEMENT":"edde68ad-06e6-4ce8-8d03-9fb8b72c0837"}]}
RESULT: {"script":"return (function isElementDisplayed(element) {\n    function nodeIsElement(node) {\n        if (!node) {\n            return false;\n        }\n        switch (node.nodeType) {\n            case Node.ELEMEN ... (7762 more bytes)","args":[{"element-6066-11e4-a52e-4f735466cecf":"edde68ad-06e6-4ce8-8d03-9fb8b72c0837","ELEMENT":"edde68ad-06e6-4ce8-8d03-9fb8b72c0837"}]}
COMMAND: POST /session/594b61af6bdc06c985887bd92b9ecef4/execute/sync - {"script":"return (function isElementClickable(elem) {\n    if (!elem.getBoundingClientRect || !elem.scrollIntoView || !elem.contains || !elem.getClientRects || !document.elementFromPoint) {\n        return false; ... (5149 more bytes)","args":[{"element-6066-11e4-a52e-4f735466cecf":"edde68ad-06e6-4ce8-8d03-9fb8b72c0837","ELEMENT":"edde68ad-06e6-4ce8-8d03-9fb8b72c0837"}]}
RESULT: {"script":"return (function isElementClickable(elem) {\n    if (!elem.getBoundingClientRect || !elem.scrollIntoView || !elem.contains || !elem.getClientRects || !document.elementFromPoint) {\n        return false; ... (5149 more bytes)","args":[{"element-6066-11e4-a52e-4f735466cecf":"edde68ad-06e6-4ce8-8d03-9fb8b72c0837","ELEMENT":"edde68ad-06e6-4ce8-8d03-9fb8b72c0837"}]}
COMMAND: POST /session/594b61af6bdc06c985887bd92b9ecef4/element/edde68ad-06e6-4ce8-8d03-9fb8b72c0837/click - {}
RESULT: {}
COMMAND: POST /session/594b61af6bdc06c985887bd92b9ecef4/element - {"using":"xpath","value":"//span[contains(@class,'add-l')]"}
RESULT: {"using":"xpath","value":"//span[contains(@class,'add-l')]"}
COMMAND: POST /session/594b61af6bdc06c985887bd92b9ecef4/element - {"using":"xpath","value":"//span[contains(@class,'add-l')]"}
RESULT: {"using":"xpath","value":"//span[contains(@class,'add-l')]"}
COMMAND: POST /session/594b61af6bdc06c985887bd92b9ecef4/element - {"using":"xpath","value":"//span[contains(@class,'add-l')]"}
RESULT: {"using":"xpath","value":"//span[contains(@class,'add-l')]"}
COMMAND: POST /session/594b61af6bdc06c985887bd92b9ecef4/execute/sync - {"script":"return (function isElementDisplayed(element) {\n    function nodeIsElement(node) {\n        if (!node) {\n            return false;\n        }\n        switch (node.nodeType) {\n            case Node.ELEMEN ... (7762 more bytes)","args":[{"element-6066-11e4-a52e-4f735466cecf":"25afb72e-56c9-4fa7-b77f-06372970b43b","ELEMENT":"25afb72e-56c9-4fa7-b77f-06372970b43b"}]}
RESULT: {"script":"return (function isElementDisplayed(element) {\n    function nodeIsElement(node) {\n        if (!node) {\n            return false;\n        }\n        switch (node.nodeType) {\n            case Node.ELEMEN ... (7762 more bytes)","args":[{"element-6066-11e4-a52e-4f735466cecf":"25afb72e-56c9-4fa7-b77f-06372970b43b","ELEMENT":"25afb72e-56c9-4fa7-b77f-06372970b43b"}]}
COMMAND: POST /session/594b61af6bdc06c985887bd92b9ecef4/execute/sync - {"script":"return (function isElementClickable(elem) {\n    if (!elem.getBoundingClientRect || !elem.scrollIntoView || !elem.contains || !elem.getClientRects || !document.elementFromPoint) {\n        return false; ... (5149 more bytes)","args":[{"element-6066-11e4-a52e-4f735466cecf":"25afb72e-56c9-4fa7-b77f-06372970b43b","ELEMENT":"25afb72e-56c9-4fa7-b77f-06372970b43b"}]}
RESULT: {"script":"return (function isElementClickable(elem) {\n    if (!elem.getBoundingClientRect || !elem.scrollIntoView || !elem.contains || !elem.getClientRects || !document.elementFromPoint) {\n        return false; ... (5149 more bytes)","args":[{"element-6066-11e4-a52e-4f735466cecf":"25afb72e-56c9-4fa7-b77f-06372970b43b","ELEMENT":"25afb72e-56c9-4fa7-b77f-06372970b43b"}]}
COMMAND: POST /session/594b61af6bdc06c985887bd92b9ecef4/element/25afb72e-56c9-4fa7-b77f-06372970b43b/click - {}
RESULT: {}
COMMAND: POST /session/594b61af6bdc06c985887bd92b9ecef4/element - {"using":"xpath","value":"//input[@title='file input']"}
RESULT: {"using":"xpath","value":"//input[@title='file input']"}
COMMAND: POST /session/594b61af6bdc06c985887bd92b9ecef4/element/0210bd6d-b0f9-46a9-b866-7dde0b2c873c/clear - {}
RESULT: {}
COMMAND: POST /session/594b61af6bdc06c985887bd92b9ecef4/element/0210bd6d-b0f9-46a9-b866-7dde0b2c873c/value - {"text":"D:\\MyServeyMonekyStartFromScrachTestCase\\NewTestCases\\ImageFile\\pexels-sohail-nachiti-807598.jpg"}
RESULT: {"text":"D:\\MyServeyMonekyStartFromScrachTestCase\\NewTestCases\\ImageFile\\pexels-sohail-nachiti-807598.jpg"}
COMMAND: POST /session/594b61af6bdc06c985887bd92b9ecef4/element - {"using":"xpath","value":"//span[text()='PAGE TITLE']"}
RESULT: {"using":"xpath","value":"//span[text()='PAGE TITLE']"}
COMMAND: GET /session/594b61af6bdc06c985887bd92b9ecef4/element/092c9b24-d111-4345-9cf0-928399813a94/enabled - {}
RESULT: {}
COMMAND: POST /session/594b61af6bdc06c985887bd92b9ecef4/element - {"using":"css selector","value":".status-message.warning"}
RESULT: {"using":"css selector","value":".status-message.warning"}
COMMAND: GET /session/594b61af6bdc06c985887bd92b9ecef4/element/39a28f63-72d3-491a-9950-45aa2484f9c4/text - {}
RESULT: {}
COMMAND: POST /session/594b61af6bdc06c985887bd92b9ecef4/refresh - {}
RESULT: {}
COMMAND: POST /session/594b61af6bdc06c985887bd92b9ecef4/element - {"using":"xpath","value":"//a[text()='My Surveys']"}
RESULT: {"using":"xpath","value":"//a[text()='My Surveys']"}
COMMAND: POST /session/594b61af6bdc06c985887bd92b9ecef4/execute/sync - {"script":"return (function (elem, options) {\n        elem.scrollIntoView(options);\n    }).apply(null, arguments)","args":[{"element-6066-11e4-a52e-4f735466cecf":"dc29a1c9-96c3-478d-9805-0b1a6a2940cf","ELEMENT":"dc29a1c9-96c3-478d-9805-0b1a6a2940cf"},true]}
RESULT: {"script":"return (function (elem, options) {\n        elem.scrollIntoView(options);\n    }).apply(null, arguments)","args":[{"element-6066-11e4-a52e-4f735466cecf":"dc29a1c9-96c3-478d-9805-0b1a6a2940cf","ELEMENT":"dc29a1c9-96c3-478d-9805-0b1a6a2940cf"},true]}
COMMAND: POST /session/594b61af6bdc06c985887bd92b9ecef4/element - {"using":"xpath","value":"//a[text()='My Surveys']"}
RESULT: {"using":"xpath","value":"//a[text()='My Surveys']"}
COMMAND: POST /session/594b61af6bdc06c985887bd92b9ecef4/execute/sync - {"script":"return (function isElementDisplayed(element) {\n    function nodeIsElement(node) {\n        if (!node) {\n            return false;\n        }\n        switch (node.nodeType) {\n            case Node.ELEMEN ... (7762 more bytes)","args":[{"element-6066-11e4-a52e-4f735466cecf":"dc29a1c9-96c3-478d-9805-0b1a6a2940cf","ELEMENT":"dc29a1c9-96c3-478d-9805-0b1a6a2940cf"}]}
RESULT: {"script":"return (function isElementDisplayed(element) {\n    function nodeIsElement(node) {\n        if (!node) {\n            return false;\n        }\n        switch (node.nodeType) {\n            case Node.ELEMEN ... (7762 more bytes)","args":[{"element-6066-11e4-a52e-4f735466cecf":"dc29a1c9-96c3-478d-9805-0b1a6a2940cf","ELEMENT":"dc29a1c9-96c3-478d-9805-0b1a6a2940cf"}]}
COMMAND: POST /session/594b61af6bdc06c985887bd92b9ecef4/execute/sync - {"script":"return (function isElementClickable(elem) {\n    if (!elem.getBoundingClientRect || !elem.scrollIntoView || !elem.contains || !elem.getClientRects || !document.elementFromPoint) {\n        return false; ... (5149 more bytes)","args":[{"element-6066-11e4-a52e-4f735466cecf":"dc29a1c9-96c3-478d-9805-0b1a6a2940cf","ELEMENT":"dc29a1c9-96c3-478d-9805-0b1a6a2940cf"}]}
RESULT: {"script":"return (function isElementClickable(elem) {\n    if (!elem.getBoundingClientRect || !elem.scrollIntoView || !elem.contains || !elem.getClientRects || !document.elementFromPoint) {\n        return false; ... (5149 more bytes)","args":[{"element-6066-11e4-a52e-4f735466cecf":"dc29a1c9-96c3-478d-9805-0b1a6a2940cf","ELEMENT":"dc29a1c9-96c3-478d-9805-0b1a6a2940cf"}]}
COMMAND: POST /session/594b61af6bdc06c985887bd92b9ecef4/element/dc29a1c9-96c3-478d-9805-0b1a6a2940cf/click - {}
RESULT: {}
COMMAND: POST /session/594b61af6bdc06c985887bd92b9ecef4/element - {"using":"xpath","value":"(//span[@class='action-icon']//span)[1]"}
RESULT: {"using":"xpath","value":"(//span[@class='action-icon']//span)[1]"}
COMMAND: POST /session/594b61af6bdc06c985887bd92b9ecef4/execute/sync - {"script":"return (function isElementDisplayed(element) {\n    function nodeIsElement(node) {\n        if (!node) {\n            return false;\n        }\n        switch (node.nodeType) {\n            case Node.ELEMEN ... (7762 more bytes)","args":[{"element-6066-11e4-a52e-4f735466cecf":"5810f8d2-2ffe-4bdc-87dd-bb5e81e6ce22","ELEMENT":"5810f8d2-2ffe-4bdc-87dd-bb5e81e6ce22"}]}
RESULT: {"script":"return (function isElementDisplayed(element) {\n    function nodeIsElement(node) {\n        if (!node) {\n            return false;\n        }\n        switch (node.nodeType) {\n            case Node.ELEMEN ... (7762 more bytes)","args":[{"element-6066-11e4-a52e-4f735466cecf":"5810f8d2-2ffe-4bdc-87dd-bb5e81e6ce22","ELEMENT":"5810f8d2-2ffe-4bdc-87dd-bb5e81e6ce22"}]}
COMMAND: POST /session/594b61af6bdc06c985887bd92b9ecef4/execute/sync - {"script":"return (function isElementClickable(elem) {\n    if (!elem.getBoundingClientRect || !elem.scrollIntoView || !elem.contains || !elem.getClientRects || !document.elementFromPoint) {\n        return false; ... (5149 more bytes)","args":[{"element-6066-11e4-a52e-4f735466cecf":"5810f8d2-2ffe-4bdc-87dd-bb5e81e6ce22","ELEMENT":"5810f8d2-2ffe-4bdc-87dd-bb5e81e6ce22"}]}
RESULT: {"script":"return (function isElementClickable(elem) {\n    if (!elem.getBoundingClientRect || !elem.scrollIntoView || !elem.contains || !elem.getClientRects || !document.elementFromPoint) {\n        return false; ... (5149 more bytes)","args":[{"element-6066-11e4-a52e-4f735466cecf":"5810f8d2-2ffe-4bdc-87dd-bb5e81e6ce22","ELEMENT":"5810f8d2-2ffe-4bdc-87dd-bb5e81e6ce22"}]}
COMMAND: POST /session/594b61af6bdc06c985887bd92b9ecef4/element/5810f8d2-2ffe-4bdc-87dd-bb5e81e6ce22/click - {}
RESULT: {}
COMMAND: POST /session/594b61af6bdc06c985887bd92b9ecef4/element - {"using":"xpath","value":"(//span[text()='Delete'])[2]"}
RESULT: {"using":"xpath","value":"(//span[text()='Delete'])[2]"}
COMMAND: POST /session/594b61af6bdc06c985887bd92b9ecef4/execute/sync - {"script":"return (function isElementDisplayed(element) {\n    function nodeIsElement(node) {\n        if (!node) {\n            return false;\n        }\n        switch (node.nodeType) {\n            case Node.ELEMEN ... (7762 more bytes)","args":[{"element-6066-11e4-a52e-4f735466cecf":"52e311a6-2928-44f8-92be-606c5ff2cb4e","ELEMENT":"52e311a6-2928-44f8-92be-606c5ff2cb4e"}]}
RESULT: {"script":"return (function isElementDisplayed(element) {\n    function nodeIsElement(node) {\n        if (!node) {\n            return false;\n        }\n        switch (node.nodeType) {\n            case Node.ELEMEN ... (7762 more bytes)","args":[{"element-6066-11e4-a52e-4f735466cecf":"52e311a6-2928-44f8-92be-606c5ff2cb4e","ELEMENT":"52e311a6-2928-44f8-92be-606c5ff2cb4e"}]}
COMMAND: POST /session/594b61af6bdc06c985887bd92b9ecef4/execute/sync - {"script":"return (function isElementClickable(elem) {\n    if (!elem.getBoundingClientRect || !elem.scrollIntoView || !elem.contains || !elem.getClientRects || !document.elementFromPoint) {\n        return false; ... (5149 more bytes)","args":[{"element-6066-11e4-a52e-4f735466cecf":"52e311a6-2928-44f8-92be-606c5ff2cb4e","ELEMENT":"52e311a6-2928-44f8-92be-606c5ff2cb4e"}]}
RESULT: {"script":"return (function isElementClickable(elem) {\n    if (!elem.getBoundingClientRect || !elem.scrollIntoView || !elem.contains || !elem.getClientRects || !document.elementFromPoint) {\n        return false; ... (5149 more bytes)","args":[{"element-6066-11e4-a52e-4f735466cecf":"52e311a6-2928-44f8-92be-606c5ff2cb4e","ELEMENT":"52e311a6-2928-44f8-92be-606c5ff2cb4e"}]}
COMMAND: POST /session/594b61af6bdc06c985887bd92b9ecef4/element/52e311a6-2928-44f8-92be-606c5ff2cb4e/click - {}
RESULT: {}
COMMAND: POST /session/594b61af6bdc06c985887bd92b9ecef4/element - {"using":"xpath","value":"(//span[text()='survey'])[2]"}
RESULT: {"using":"xpath","value":"(//span[text()='survey'])[2]"}
COMMAND: POST /session/594b61af6bdc06c985887bd92b9ecef4/execute/sync - {"script":"return (function isElementDisplayed(element) {\n    function nodeIsElement(node) {\n        if (!node) {\n            return false;\n        }\n        switch (node.nodeType) {\n            case Node.ELEMEN ... (7762 more bytes)","args":[{"element-6066-11e4-a52e-4f735466cecf":"d0f0a8c0-3c4b-48cb-9dbc-28ca1013bb22","ELEMENT":"d0f0a8c0-3c4b-48cb-9dbc-28ca1013bb22"}]}
RESULT: {"script":"return (function isElementDisplayed(element) {\n    function nodeIsElement(node) {\n        if (!node) {\n            return false;\n        }\n        switch (node.nodeType) {\n            case Node.ELEMEN ... (7762 more bytes)","args":[{"element-6066-11e4-a52e-4f735466cecf":"d0f0a8c0-3c4b-48cb-9dbc-28ca1013bb22","ELEMENT":"d0f0a8c0-3c4b-48cb-9dbc-28ca1013bb22"}]}
COMMAND: POST /session/594b61af6bdc06c985887bd92b9ecef4/element - {"using":"xpath","value":"(//a[text()='DELETE'])[3]"}
RESULT: {"using":"xpath","value":"(//a[text()='DELETE'])[3]"}
COMMAND: POST /session/594b61af6bdc06c985887bd92b9ecef4/execute/sync - {"script":"return (function isElementDisplayed(element) {\n    function nodeIsElement(node) {\n        if (!node) {\n            return false;\n        }\n        switch (node.nodeType) {\n            case Node.ELEMEN ... (7762 more bytes)","args":[{"element-6066-11e4-a52e-4f735466cecf":"97870277-3d8d-454b-aec2-054f1253a462","ELEMENT":"97870277-3d8d-454b-aec2-054f1253a462"}]}
RESULT: {"script":"return (function isElementDisplayed(element) {\n    function nodeIsElement(node) {\n        if (!node) {\n            return false;\n        }\n        switch (node.nodeType) {\n            case Node.ELEMEN ... (7762 more bytes)","args":[{"element-6066-11e4-a52e-4f735466cecf":"97870277-3d8d-454b-aec2-054f1253a462","ELEMENT":"97870277-3d8d-454b-aec2-054f1253a462"}]}
COMMAND: POST /session/594b61af6bdc06c985887bd92b9ecef4/execute/sync - {"script":"return (function isElementClickable(elem) {\n    if (!elem.getBoundingClientRect || !elem.scrollIntoView || !elem.contains || !elem.getClientRects || !document.elementFromPoint) {\n        return false; ... (5149 more bytes)","args":[{"element-6066-11e4-a52e-4f735466cecf":"97870277-3d8d-454b-aec2-054f1253a462","ELEMENT":"97870277-3d8d-454b-aec2-054f1253a462"}]}
RESULT: {"script":"return (function isElementClickable(elem) {\n    if (!elem.getBoundingClientRect || !elem.scrollIntoView || !elem.contains || !elem.getClientRects || !document.elementFromPoint) {\n        return false; ... (5149 more bytes)","args":[{"element-6066-11e4-a52e-4f735466cecf":"97870277-3d8d-454b-aec2-054f1253a462","ELEMENT":"97870277-3d8d-454b-aec2-054f1253a462"}]}
COMMAND: POST /session/594b61af6bdc06c985887bd92b9ecef4/element/97870277-3d8d-454b-aec2-054f1253a462/click - {}
RESULT: {}
COMMAND: DELETE /session/594b61af6bdc06c985887bd92b9ecef4 - {}
RESULT: {}
]]></system-out>
    </testcase>
  </testsuite>
</testsuites>